<?xml version="1.0" encoding="UTF-8"?>
<!-- Generated by org.testng.reporters.JUnitReportReporter -->
<testsuite skipped="0" hostname="e7662972caf5" name="com.newtours.tests.BookFlightTest" tests="20" failures="0" timestamp="01 Aug 2021 21:33:29 GMT" time="83.274" errors="0">
  <testcase name="flightConfirmationPage" time="0.597" classname="com.newtours.tests.BookFlightTest"/>
  <testcase name="flightConfirmationPage" time="0.843" classname="com.newtours.tests.BookFlightTest"/>
  <testcase name="findFlightPage" time="0.590" classname="com.newtours.tests.BookFlightTest"/>
  <testcase name="flightDetailsPage" time="2.482" classname="com.newtours.tests.BookFlightTest"/>
  <testcase name="registrationConfirmationPage" time="0.481" classname="com.newtours.tests.BookFlightTest"/>
  <testcase name="registrationPage" time="18.864" classname="com.newtours.tests.BookFlightTest"/>
  <testcase name="flightDetailsPage" time="2.132" classname="com.newtours.tests.BookFlightTest"/>
  <testcase name="flightDetailsPage" time="2.403" classname="com.newtours.tests.BookFlightTest"/>
  <testcase name="registrationPage" time="15.012" classname="com.newtours.tests.BookFlightTest"/>
  <testcase name="registrationPage" time="16.827" classname="com.newtours.tests.BookFlightTest"/>
  <testcase name="findFlightPage" time="0.802" classname="com.newtours.tests.BookFlightTest"/>
  <testcase name="registrationPage" time="15.194" classname="com.newtours.tests.BookFlightTest"/>
  <testcase name="registrationConfirmationPage" time="0.422" classname="com.newtours.tests.BookFlightTest"/>
  <testcase name="findFlightPage" time="1.104" classname="com.newtours.tests.BookFlightTest"/>
  <testcase name="flightDetailsPage" time="2.100" classname="com.newtours.tests.BookFlightTest"/>
  <testcase name="findFlightPage" time="1.201" classname="com.newtours.tests.BookFlightTest"/>
  <testcase name="flightConfirmationPage" time="0.652" classname="com.newtours.tests.BookFlightTest"/>
  <testcase name="registrationConfirmationPage" time="0.338" classname="com.newtours.tests.BookFlightTest"/>
  <testcase name="registrationConfirmationPage" time="0.397" classname="com.newtours.tests.BookFlightTest"/>
  <testcase name="flightConfirmationPage" time="0.833" classname="com.newtours.tests.BookFlightTest"/>
</testsuite> <!-- com.newtours.tests.BookFlightTest -->
