<?xml version="1.0" encoding="UTF-8"?>
<!-- Generated by org.testng.reporters.JUnitReportReporter -->
<testsuite skipped="0" hostname="461b3bfa3190" name="com.newtours.tests.BookFlightTest" tests="20" failures="0" timestamp="02 Aug 2021 00:17:09 GMT" time="115.218" errors="0">
  <testcase name="registrationPage" time="16.690" classname="com.newtours.tests.BookFlightTest"/>
  <testcase name="registrationPage" time="19.806" classname="com.newtours.tests.BookFlightTest"/>
  <testcase name="flightConfirmationPage" time="0.498" classname="com.newtours.tests.BookFlightTest"/>
  <testcase name="flightConfirmationPage" time="0.508" classname="com.newtours.tests.BookFlightTest"/>
  <testcase name="registrationConfirmationPage" time="0.254" classname="com.newtours.tests.BookFlightTest"/>
  <testcase name="flightConfirmationPage" time="0.555" classname="com.newtours.tests.BookFlightTest"/>
  <testcase name="findFlightPage" time="1.287" classname="com.newtours.tests.BookFlightTest"/>
  <testcase name="flightDetailsPage" time="2.289" classname="com.newtours.tests.BookFlightTest"/>
  <testcase name="findFlightPage" time="1.177" classname="com.newtours.tests.BookFlightTest"/>
  <testcase name="registrationPage" time="29.220" classname="com.newtours.tests.BookFlightTest"/>
  <testcase name="flightDetailsPage" time="3.007" classname="com.newtours.tests.BookFlightTest"/>
  <testcase name="registrationPage" time="31.465" classname="com.newtours.tests.BookFlightTest"/>
  <testcase name="registrationConfirmationPage" time="0.335" classname="com.newtours.tests.BookFlightTest"/>
  <testcase name="flightConfirmationPage" time="0.583" classname="com.newtours.tests.BookFlightTest"/>
  <testcase name="findFlightPage" time="0.912" classname="com.newtours.tests.BookFlightTest"/>
  <testcase name="registrationConfirmationPage" time="1.335" classname="com.newtours.tests.BookFlightTest"/>
  <testcase name="registrationConfirmationPage" time="0.401" classname="com.newtours.tests.BookFlightTest"/>
  <testcase name="flightDetailsPage" time="1.797" classname="com.newtours.tests.BookFlightTest"/>
  <testcase name="flightDetailsPage" time="2.209" classname="com.newtours.tests.BookFlightTest"/>
  <testcase name="findFlightPage" time="0.890" classname="com.newtours.tests.BookFlightTest"/>
</testsuite> <!-- com.newtours.tests.BookFlightTest -->
