<?xml version="1.0" encoding="UTF-8"?>
<!-- Generated by org.testng.reporters.JUnitReportReporter -->
<testsuite skipped="0" hostname="8518d9b35dd3" name="com.searchmodule.tests.SearchTest" tests="4" failures="0" timestamp="02 Aug 2021 03:51:52 GMT" time="80.675" errors="0">
  <testcase name="search" time="11.090" classname="com.searchmodule.tests.SearchTest"/>
  <testcase name="search" time="11.443" classname="com.searchmodule.tests.SearchTest"/>
  <testcase name="search" time="24.436" classname="com.searchmodule.tests.SearchTest"/>
  <testcase name="search" time="33.706" classname="com.searchmodule.tests.SearchTest"/>
</testsuite> <!-- com.searchmodule.tests.SearchTest -->
